<?xml version="1.0" encoding="UTF-8"?>
<!-- Generated by org.testng.reporters.JUnitReportReporter -->
<testsuite hostname="DESKTOP-6QQN8NI" failures="0" tests="1" name="DayFeb05_com.actitime.testscript.DemoTestNG" time="0.023" errors="0" timestamp="2025-02-05T22:33:00 IST" skipped="0">
  <testcase classname="DayFeb05_com.actitime.testscript.DemoTestNG" name="demo" time="0.023"/>
  <system-out>
    <![CDATA[welcome to testing]]>
  </system-out>
</testsuite> <!-- DayFeb05_com.actitime.testscript.DemoTestNG -->
