<?xml version="1.0" encoding="UTF-8"?>
<!-- Generated by org.testng.reporters.JUnitReportReporter -->
<testsuite hostname="DESKTOP-6QQN8NI" failures="0" tests="3" name="DayFeb05_com.actitime.testscript.P1" time="0.014" errors="0" timestamp="2025-02-08T18:15:10 IST" skipped="0">
  <testcase classname="DayFeb05_com.actitime.testscript.P1" name="cutton" time="0.011"/>
  <system-out>
    <![CDATA[button]]>
  </system-out>
  <testcase classname="DayFeb05_com.actitime.testscript.P1" name="bogo" time="0.002"/>
  <system-out>
    <![CDATA[logo]]>
  </system-out>
  <testcase classname="DayFeb05_com.actitime.testscript.P1" name="aemo" time="0.001"/>
  <system-out>
    <![CDATA[demo]]>
  </system-out>
</testsuite> <!-- DayFeb05_com.actitime.testscript.P1 -->
