<?xml version="1.0" encoding="UTF-8"?>
<!-- Generated by org.testng.reporters.JUnitReportReporter -->
<testsuite hostname="DESKTOP-6QQN8NI" failures="0" tests="2" name="DayFeb07.Customer_Module" time="0.003" errors="0" timestamp="2025-02-08T18:15:10 IST" skipped="0">
  <testcase classname="DayFeb07.Customer_Module" name="deleteCustomer" time="0.002"/>
  <system-out>
    <![CDATA[Delete Custoemer]]>
  </system-out>
  <testcase classname="DayFeb07.Customer_Module" name="modifyCustomer" time="0.001"/>
  <system-out>
    <![CDATA[Modify Custoemer]]>
  </system-out>
</testsuite> <!-- DayFeb07.Customer_Module -->
