<?xml version="1.0" encoding="UTF-8"?>
<!-- Generated by org.testng.reporters.JUnitReportReporter -->
<testsuite hostname="DESKTOP-6QQN8NI" failures="0" tests="1" name="DayFeb06.Verifying_Title_Using_Assert_Equals" time="4.717" errors="0" timestamp="2025-02-08T18:15:10 IST" skipped="0">
  <testcase classname="DayFeb06.Verifying_Title_Using_Assert_Equals" name="verifyTitle" time="4.717"/>
  <system-out/>
</testsuite> <!-- DayFeb06.Verifying_Title_Using_Assert_Equals -->
