<?xml version="1.0" encoding="UTF-8"?>
<!-- Generated by org.testng.reporters.JUnitReportReporter -->
<testsuite hostname="DESKTOP-6QQN8NI" failures="0" tests="3" name="com.actitime.testscript.Project_Module" time="3.598" errors="0" timestamp="2025-02-27T11:38:00 IST" skipped="0">
  <testcase classname="com.actitime.testscript.Project_Module" name="deleteProject" time="1.219"/>
  <system-out>
    <![CDATA[Delete Project]]>
  </system-out>
  <testcase classname="com.actitime.testscript.Project_Module" name="createProject" time="1.164"/>
  <system-out>
    <![CDATA[Create Project]]>
  </system-out>
  <testcase classname="com.actitime.testscript.Project_Module" name="modifyProject" time="1.215"/>
  <system-out>
    <![CDATA[Modify Project]]>
  </system-out>
</testsuite> <!-- com.actitime.testscript.Project_Module -->
