<?xml version="1.0" encoding="UTF-8"?>
<!-- Generated by org.testng.reporters.JUnitReportReporter -->
<testsuite hostname="DESKTOP-6QQN8NI" failures="0" tests="3" name="com.actitime.testscript.Task_Module" time="3.510" errors="0" timestamp="2025-02-27T11:38:00 IST" skipped="0">
  <testcase classname="com.actitime.testscript.Task_Module" name="deleteTask" time="1.095"/>
  <system-out>
    <![CDATA[Delete Task]]>
  </system-out>
  <testcase classname="com.actitime.testscript.Task_Module" name="modifyTask" time="1.318"/>
  <system-out>
    <![CDATA[Modify Task]]>
  </system-out>
  <testcase classname="com.actitime.testscript.Task_Module" name="createTask" time="1.097"/>
  <system-out>
    <![CDATA[Create Task]]>
  </system-out>
</testsuite> <!-- com.actitime.testscript.Task_Module -->
