<?xml version="1.0" encoding="UTF-8"?>
<!-- Generated by org.testng.reporters.JUnitReportReporter -->
<testsuite hostname="DESKTOP-6QQN8NI" failures="0" tests="1" name="DayFeb06.Verifying_Url_Using_If_Else" time="5.076" errors="0" timestamp="2025-02-08T17:13:40 IST" skipped="0">
  <testcase classname="DayFeb06.Verifying_Url_Using_If_Else" name="verifyTitle" time="5.076"/>
  <system-out>
    <![CDATA[Title is matchig]]>
  </system-out>
</testsuite> <!-- DayFeb06.Verifying_Url_Using_If_Else -->
