<?xml version="1.0" encoding="UTF-8"?>
<!-- Generated by org.testng.reporters.JUnitReportReporter -->
<testsuite hostname="DESKTOP-6QQN8NI" failures="0" tests="4" name="DayFeb07.Customer_Module2" time="0.014" errors="0" timestamp="2025-02-08T18:51:46 IST" skipped="0">
  <testcase classname="DayFeb07.Customer_Module2" name="registerCustomer" time="0.002"/>
  <system-out>
    <![CDATA[Register Custoemer]]>
  </system-out>
  <testcase classname="DayFeb07.Customer_Module2" name="deleteCustomer" time="0.009"/>
  <system-out>
    <![CDATA[Delete Custoemer]]>
  </system-out>
  <testcase classname="DayFeb07.Customer_Module2" name="editCustomer" time="0.001"/>
  <system-out>
    <![CDATA[Edit Custoemer]]>
  </system-out>
  <testcase classname="DayFeb07.Customer_Module2" name="editCustomer" time="0.002"/>
  <system-out>
    <![CDATA[Edit Custoemer]]>
  </system-out>
</testsuite> <!-- DayFeb07.Customer_Module2 -->
