<?xml version="1.0" encoding="UTF-8"?>
<!-- Generated by org.testng.reporters.JUnitReportReporter -->
<testsuite hostname="DESKTOP-6QQN8NI" failures="0" tests="3" name="DayFeb05.P1" time="0.010" errors="0" timestamp="2025-03-18T22:29:23 IST" skipped="0">
  <testcase classname="DayFeb05.P1" name="cutton" time="0.008"/>
  <system-out>
    <![CDATA[button]]>
  </system-out>
  <testcase classname="DayFeb05.P1" name="bogo" time="0.001"/>
  <system-out>
    <![CDATA[logo]]>
  </system-out>
  <testcase classname="DayFeb05.P1" name="aemo" time="0.001"/>
  <system-out>
    <![CDATA[demo]]>
  </system-out>
</testsuite> <!-- DayFeb05.P1 -->
