<?xml version="1.0" encoding="UTF-8"?>
<!-- Generated by org.testng.reporters.JUnitReportReporter -->
<testsuite hostname="DESKTOP-6QQN8NI" failures="0" tests="3" name="com.actitime.testscript.Customer_Module" time="3.338" errors="0" timestamp="2025-02-27T11:38:00 IST" skipped="0">
  <testcase classname="com.actitime.testscript.Customer_Module" name="createCustomer" time="1.093"/>
  <system-out>
    <![CDATA[Create Customer]]>
  </system-out>
  <testcase classname="com.actitime.testscript.Customer_Module" name="modifyCustomer" time="1.146"/>
  <system-out>
    <![CDATA[Modify Custemer]]>
  </system-out>
  <testcase classname="com.actitime.testscript.Customer_Module" name="deleteCustomer" time="1.099"/>
  <system-out>
    <![CDATA[Delete Custemer]]>
  </system-out>
</testsuite> <!-- com.actitime.testscript.Customer_Module -->
