<?xml version="1.0" encoding="UTF-8"?>
<!-- Generated by org.testng.reporters.JUnitReportReporter -->
<testsuite hostname="DESKTOP-6QQN8NI" failures="0" tests="3" name="DayFeb05.Customer_Module" time="0.017" errors="0" timestamp="2025-03-18T22:26:28 IST" skipped="0">
  <testcase classname="DayFeb05.Customer_Module" name="modifyCustomer" time="0.002"/>
  <system-out>
    <![CDATA[Modify Custoemer]]>
  </system-out>
  <testcase classname="DayFeb05.Customer_Module" name="createCustomer" time="0.014"/>
  <system-out>
    <![CDATA[Create Custoemer]]>
  </system-out>
  <testcase classname="DayFeb05.Customer_Module" name="deleteCustomer" time="0.001"/>
  <system-out>
    <![CDATA[Delete Custoemer]]>
  </system-out>
</testsuite> <!-- DayFeb05.Customer_Module -->
