<?xml version="1.0" encoding="UTF-8"?>
<!-- Generated by org.testng.reporters.JUnitReportReporter -->
<testsuite hostname="DESKTOP-6QQN8NI" failures="0" tests="1" name="DayFeb11.Taking_ScreenShot_And_Saving" time="3.712" errors="0" timestamp="2025-02-11T22:52:30 IST" skipped="0">
  <testcase classname="DayFeb11.Taking_ScreenShot_And_Saving" name="screeshot" time="3.712"/>
  <system-out/>
</testsuite> <!-- DayFeb11.Taking_ScreenShot_And_Saving -->
